<?xml version="1.0" encoding="UTF-8"?>
<testsuite name="LeapYearTest" tests="3" skipped="0" failures="0" errors="0" timestamp="2016-04-18T18:33:35" hostname="epicodus-59.local" time="0.002">
  <properties/>
  <testcase name="isLeapYear_forNumbersNotDivisiableByFour_false" classname="LeapYearTest" time="0.001"/>
  <testcase name="isLeapYear_forNumberDivisiableByFour_true" classname="LeapYearTest" time="0.0"/>
  <testcase name="isLeapYear_forMultiplesOfOneHundred_false" classname="LeapYearTest" time="0.0"/>
  <system-out><![CDATA[]]></system-out>
  <system-err><![CDATA[]]></system-err>
</testsuite>
